<?xml version="1.0" encoding="UTF-8"?>
<!-- Generated by org.testng.reporters.JUnitReportReporter -->
<testsuite skipped="0" hostname="Sid-PC" name="com.paraBank.testCases.TC_UpdateCustomer_004" tests="2" failures="0" timestamp="11 Feb 2020 15:11:01 GMT" time="3.706" errors="0">
  <testcase name="SignIn" time="1.288" classname="com.paraBank.testCases.TC_UpdateCustomer_004"/>
  <testcase name="updateCustomer" time="2.418" classname="com.paraBank.testCases.TC_UpdateCustomer_004"/>
</testsuite> <!-- com.paraBank.testCases.TC_UpdateCustomer_004 -->
