<?xml version="1.0" encoding="UTF-8"?>
<!-- Generated by org.testng.reporters.JUnitReportReporter -->
<testsuite skipped="0" hostname="Sid-PC" name="com.paraBank.testCases.TC_BillPay_003" tests="2" failures="0" timestamp="11 Feb 2020 15:06:53 GMT" time="10.392" errors="0">
  <testcase name="signIn" time="7.089" classname="com.paraBank.testCases.TC_BillPay_003"/>
  <testcase name="billPay" time="3.303" classname="com.paraBank.testCases.TC_BillPay_003"/>
</testsuite> <!-- com.paraBank.testCases.TC_BillPay_003 -->
