<?xml version="1.0" encoding="UTF-8"?>
<!-- Generated by org.testng.reporters.JUnitReportReporter -->
<testsuite skipped="0" hostname="Sid-PC" name="com.paraBank.testCases.TC_SignUp_001" tests="2" failures="0" timestamp="11 Feb 2020 14:53:51 GMT" time="8.876" errors="0">
  <testcase name="signIn" time="1.721" classname="com.paraBank.testCases.TC_SignUp_001"/>
  <testcase name="signUpNewUser" time="7.155" classname="com.paraBank.testCases.TC_SignUp_001"/>
</testsuite> <!-- com.paraBank.testCases.TC_SignUp_001 -->
