<?xml version="1.0" encoding="UTF-8"?>
<!-- Generated by org.testng.reporters.JUnitReportReporter -->
<testsuite skipped="0" hostname="Sid-PC" name="com.paraBank.testCases.TC_SignIn_001" tests="1" failures="0" timestamp="11 Feb 2020 09:55:06 GMT" time="3.050" errors="0">
  <testcase name="SignIn" time="3.050" classname="com.paraBank.testCases.TC_SignIn_001"/>
</testsuite> <!-- com.paraBank.testCases.TC_SignIn_001 -->
